2020-07-12 00:17:04.423  INFO 7148 --- [XNIO-1 I/O-2] lavalink.server.io.SocketServer          : Connection closed from /[0:0:0:0:0:0:0:1]:56095 with status CloseStatus[code=1006, reason=] -- Session can be resumed within the next 60 seconds with key music-node
2020-07-12 00:18:04.431  INFO 7148 --- [pool-2-thread-1] lavalink.server.io.SocketContext         : Shutting down 0 playing players.
2020-07-12 00:26:21.488  INFO 7148 --- [Thread-1] o.s.s.concurrent.ThreadPoolTaskExecutor  : Shutting down ExecutorService 'applicationTaskExecutor'
2020-07-12 00:26:21.495  INFO 7148 --- [Thread-1] c.s.d.l.tools.GarbageCollectionMonitor   : GC monitoring disabled.
2020-07-12 00:26:21.502  INFO 7148 --- [Thread-1] io.undertow.servlet                      : Destroying Spring FrameworkServlet 'dispatcherServlet'
2020-07-12 14:05:17.271  INFO 1921 --- [main] lavalink.server.Launcher                 : 

[32m       .  [31m _                  _ _       _    [32m__ _ _
[32m      /\\ [31m| | __ ___   ____ _| (_)_ __ | | __[32m\ \ \ \
[32m     ( ( )[31m| |/ _` \ \ / / _` | | | '_ \| |/ /[32m \ \ \ \
[32m      \\/ [31m| | (_| |\ V / (_| | | | | | |   < [32m  ) ) ) )
[32m       '  [31m|_|\__,_| \_/ \__,_|_|_|_| |_|_|\_\[32m / / / /
[0m    =========================================[32m/_/_/_/[0m

	Version:        3.3.1
	Build:          997
	Build time:     25.03.2020 12:30:43 UTC
	Branch          master
	Commit:         29f68ba
	Commit time:    25.03.2020 12:28:48 UTC
	JVM:            14.0.1
	Lavaplayer      1.3.38

2020-07-12 14:05:17.407  INFO 1921 --- [main] lavalink.server.Launcher                 : Starting Launcher on Benedicts-MacBook-Pro.local with PID 1921 (/Users/benedicttannady/discordBot/Lavalink.jar started by benedicttannady in /Users/benedicttannady/discordBot)
2020-07-12 14:05:17.408  INFO 1921 --- [main] lavalink.server.Launcher                 : No active profile set, falling back to default profiles: default
2020-07-12 14:05:18.748  WARN 1921 --- [main] io.undertow.websockets.jsr               : UT026010: Buffer pool was not set on WebSocketDeploymentInfo, the default pool will be used
2020-07-12 14:05:18.787  INFO 1921 --- [main] io.undertow.servlet                      : Initializing Spring embedded WebApplicationContext
2020-07-12 14:05:18.788  INFO 1921 --- [main] o.s.web.context.ContextLoader            : Root WebApplicationContext: initialization completed in 1331 ms
2020-07-12 14:05:19.252  WARN 1921 --- [main] l.server.config.SentryConfiguration      : Turning off sentry
2020-07-12 14:05:19.260  INFO 1921 --- [main] l.s.c.AudioSendFactoryConfiguration      : OS: Mac OS X, Arch: x86_64
2020-07-12 14:05:19.260  WARN 1921 --- [main] l.s.c.AudioSendFactoryConfiguration      : This system and architecture appears to not support native audio sending! GC pauses may cause your bot to stutter during playback.
2020-07-12 14:05:19.692  INFO 1921 --- [main] c.s.d.l.tools.GarbageCollectionMonitor   : GC monitoring enabled, reporting results every 2 minutes.
2020-07-12 14:05:20.165  INFO 1921 --- [main] o.s.s.concurrent.ThreadPoolTaskExecutor  : Initializing ExecutorService 'applicationTaskExecutor'
2020-07-12 14:05:20.517  INFO 1921 --- [main] org.xnio                                 : XNIO version 3.3.8.Final
2020-07-12 14:05:20.531  INFO 1921 --- [main] org.xnio.nio                             : XNIO NIO Implementation Version 3.3.8.Final
2020-07-12 14:05:20.668  INFO 1921 --- [main] o.s.b.w.e.u.UndertowServletWebServer     : Undertow started on port(s) 7000 (http) with context path ''
2020-07-12 14:05:20.672  INFO 1921 --- [main] lavalink.server.Launcher                 : Started Launcher in 4.368 seconds (JVM running for 5.452)
2020-07-12 14:05:46.842  INFO 1921 --- [XNIO-1 task-1] io.undertow.servlet                      : Initializing Spring DispatcherServlet 'dispatcherServlet'
2020-07-12 14:05:46.843  INFO 1921 --- [XNIO-1 task-1] o.s.web.servlet.DispatcherServlet        : Initializing Servlet 'dispatcherServlet'
2020-07-12 14:05:46.856  INFO 1921 --- [XNIO-1 task-1] o.s.web.servlet.DispatcherServlet        : Completed initialization in 13 ms
2020-07-12 14:05:46.906  INFO 1921 --- [XNIO-1 task-1] l.server.io.HandshakeInterceptorImpl     : Incoming connection from /[0:0:0:0:0:0:0:1]:50226
2020-07-12 14:05:47.175  INFO 1921 --- [XNIO-1 task-1] lavalink.server.io.SocketServer          : Connection successfully established from /[0:0:0:0:0:0:0:1]:50226
2020-07-12 14:05:47.201  INFO 1921 --- [XNIO-1 I/O-3] lavalink.server.io.SocketServer          : {"op": "configureResuming", "key": "music-node", "timeout": 60}
2020-07-12 14:59:39.298  INFO 1921 --- [XNIO-1 I/O-3] lavalink.server.io.SocketServer          : Connection closed from /[0:0:0:0:0:0:0:1]:50226 with status CloseStatus[code=1006, reason=] -- Session can be resumed within the next 60 seconds with key music-node
2020-07-12 14:59:50.376  INFO 1921 --- [XNIO-1 task-2] l.server.io.HandshakeInterceptorImpl     : Incoming connection from /[0:0:0:0:0:0:0:1]:51417
2020-07-12 14:59:50.396  INFO 1921 --- [XNIO-1 task-2] lavalink.server.io.SocketServer          : Connection successfully established from /[0:0:0:0:0:0:0:1]:51417
2020-07-12 14:59:50.399  INFO 1921 --- [XNIO-1 I/O-4] lavalink.server.io.SocketServer          : {"op": "configureResuming", "key": "music-node", "timeout": 60}
2020-07-12 14:59:57.650  INFO 1921 --- [XNIO-1 I/O-4] lavalink.server.io.SocketServer          : {"op": "voiceUpdate", "guildId": "548381331684589578", "sessionId": "b4d00317e0a7f8a3fb6ac1f0e903626b", "event": {"token": "5bc74991d6d4d286", "guild_id": "548381331684589578", "endpoint": "us-west380.discord.media:80"}}
2020-07-12 14:59:57.822  INFO 1921 --- [parallel-3] com.jcabi.manifests.Manifests            : 73 attributes loaded from 84 stream(s) in 92ms, 73 saved, 1240 ignored: ["Ant-Version", "Archiver-Version", "Automatic-Module-Name", "Bnd-LastModified", "Build-Jdk", "Build-Jdk-Spec", "Build-Time", "Built-By", "Bundle-ActivationPolicy", "Bundle-Activator", "Bundle-Category", "Bundle-Description", "Bundle-DocURL", "Bundle-License", "Bundle-ManifestVersion", "Bundle-Name", "Bundle-NativeCode", "Bundle-RequiredExecutionEnvironment", "Bundle-SymbolicName", "Bundle-Vendor", "Bundle-Version", "Copyright", "Created-By", "Export-Package", "Extension-Name", "Git-Revision", "Implementation-Build", "Implementation-Build-Date", "Implementation-Title", "Implementation-URL", "Implementation-Vendor", "Implementation-Vendor-Id", "Implementation-Version", "Import-Package", "Include-Resource", "JCabi-Build", "JCabi-Date", "JCabi-Version", "Jar-Name", "Jar-Version", "Java-Vendor", "Java-Version", "Kotlin-Runtime-Component", "Kotlin-Version", "Log4jReleaseKey", "Log4jReleaseManager", "Log4jReleaseVersion", "Magma-Version", "Main-Class", "Manifest-Version", "Multi-Release", "Originally-Created-By", "Os-Arch", "Os-Name", "Os-Version", "Private-Package", "Provide-Capability", "Require-Bundle", "Require-Capability", "Scm-Connection", "Scm-Revision", "Scm-Url", "Specification-Title", "Specification-Vendor", "Specification-Version", "Spring-Boot-Classes", "Spring-Boot-Lib", "Spring-Boot-Version", "Start-Class", "Tool", "X-Compile-Source-JDK", "X-Compile-Target-JDK", "url"]
2020-07-12 15:00:13.236 ERROR 1921 --- [XNIO-3 I/O-1] s.n.m.impl.connections.AudioWebSocket    : Exception in websocket connection, closing. Channel state is Websocket Channel is null

java.lang.IllegalStateException: Failed to connect to wss://us-west380.discord.media/?v=4
	at space.npstr.magma.impl.connections.hax.ClosingUndertowWebSocketClient$1.handleFailed(ClosingUndertowWebSocketClient.java:79) ~[impl-0.12.5.jar!/:na]
	at org.xnio.IoFuture$HandlingNotifier.notify(IoFuture.java:215) ~[xnio-api-3.3.8.Final.jar!/:3.3.8.Final]
	at org.xnio.AbstractIoFuture$1.run(AbstractIoFuture.java:211) ~[xnio-api-3.3.8.Final.jar!/:3.3.8.Final]
	at org.xnio.IoUtils$2.execute(IoUtils.java:70) ~[xnio-api-3.3.8.Final.jar!/:3.3.8.Final]
	at org.xnio.AbstractIoFuture.runNotifier(AbstractIoFuture.java:354) ~[xnio-api-3.3.8.Final.jar!/:3.3.8.Final]
	at org.xnio.AbstractIoFuture.runAllNotifiers(AbstractIoFuture.java:233) ~[xnio-api-3.3.8.Final.jar!/:3.3.8.Final]
	at org.xnio.AbstractIoFuture.setException(AbstractIoFuture.java:251) ~[xnio-api-3.3.8.Final.jar!/:3.3.8.Final]
	at org.xnio.FutureResult.setException(FutureResult.java:89) ~[xnio-api-3.3.8.Final.jar!/:3.3.8.Final]
	at io.undertow.websockets.client.WebSocketClient$ConnectionBuilder$2.notify(WebSocketClient.java:342) ~[undertow-core-2.0.26.Final.jar!/:2.0.26.Final]
	at org.xnio.AbstractIoFuture$1.run(AbstractIoFuture.java:211) ~[xnio-api-3.3.8.Final.jar!/:3.3.8.Final]
	at org.xnio.IoUtils$2.execute(IoUtils.java:70) ~[xnio-api-3.3.8.Final.jar!/:3.3.8.Final]
	at org.xnio.AbstractIoFuture.runNotifier(AbstractIoFuture.java:354) ~[xnio-api-3.3.8.Final.jar!/:3.3.8.Final]
	at org.xnio.AbstractIoFuture.runAllNotifiers(AbstractIoFuture.java:233) ~[xnio-api-3.3.8.Final.jar!/:3.3.8.Final]
	at org.xnio.AbstractIoFuture.setException(AbstractIoFuture.java:251) ~[xnio-api-3.3.8.Final.jar!/:3.3.8.Final]
	at org.xnio.FutureResult.setException(FutureResult.java:89) ~[xnio-api-3.3.8.Final.jar!/:3.3.8.Final]
	at org.xnio.http.HttpUpgrade$HttpUpgradeState$UpgradeResultListener.handleEvent(HttpUpgrade.java:425) ~[xnio-api-3.3.8.Final.jar!/:3.3.8.Final]
	at org.xnio.http.HttpUpgrade$HttpUpgradeState.flushUpgradeChannel(HttpUpgrade.java:369) ~[xnio-api-3.3.8.Final.jar!/:3.3.8.Final]
	at org.xnio.http.HttpUpgrade$HttpUpgradeState.access$900(HttpUpgrade.java:165) ~[xnio-api-3.3.8.Final.jar!/:3.3.8.Final]
	at org.xnio.http.HttpUpgrade$HttpUpgradeState$StringWriteListener.handleEvent(HttpUpgrade.java:396) ~[xnio-api-3.3.8.Final.jar!/:3.3.8.Final]
	at org.xnio.http.HttpUpgrade$HttpUpgradeState$StringWriteListener.handleEvent(HttpUpgrade.java:372) ~[xnio-api-3.3.8.Final.jar!/:3.3.8.Final]
	at org.xnio.ChannelListeners.invokeChannelListener(ChannelListeners.java:92) ~[xnio-api-3.3.8.Final.jar!/:3.3.8.Final]
	at org.xnio.conduits.WriteReadyHandler$ChannelListenerHandler.writeReady(WriteReadyHandler.java:65) ~[xnio-api-3.3.8.Final.jar!/:3.3.8.Final]
	at io.undertow.protocols.ssl.SslConduit$SslWriteReadyHandler.writeReady(SslConduit.java:1273) ~[undertow-core-2.0.26.Final.jar!/:2.0.26.Final]
	at io.undertow.protocols.ssl.SslConduit$4.run(SslConduit.java:430) ~[undertow-core-2.0.26.Final.jar!/:2.0.26.Final]
	at org.xnio.nio.WorkerThread.safeRun(WorkerThread.java:582) ~[xnio-nio-3.3.8.Final.jar!/:3.3.8.Final]
	at org.xnio.nio.WorkerThread.run(WorkerThread.java:466) ~[xnio-nio-3.3.8.Final.jar!/:3.3.8.Final]
Caused by: java.io.EOFException: XNIO000812: Connection closed unexpectedly
	at org.xnio.http.HttpUpgrade$HttpUpgradeState$UpgradeResultListener.handleEvent(HttpUpgrade.java:416) ~[xnio-api-3.3.8.Final.jar!/:3.3.8.Final]
	... 10 common frames omitted

2020-07-12 15:00:19.393  INFO 1921 --- [XNIO-1 task-3] l.server.player.AudioLoaderRestHandler   : GET /loadtracks
2020-07-12 15:00:20.395  INFO 1921 --- [lava-daemon-pool-info-loader-2-thread-1] lavalink.server.player.AudioLoader       : No matches found
2020-07-12 15:00:39.316  INFO 1921 --- [pool-2-thread-1] lavalink.server.io.SocketContext         : Shutting down 0 playing players.
2020-07-12 15:00:41.166  INFO 1921 --- [XNIO-1 task-5] l.server.player.AudioLoaderRestHandler   : GET /loadtracks
2020-07-12 15:00:41.849  INFO 1921 --- [lava-daemon-pool-info-loader-2-thread-1] lavalink.server.player.AudioLoader       : No matches found
2020-07-12 15:01:05.589  INFO 1921 --- [XNIO-1 task-7] l.server.player.AudioLoaderRestHandler   : GET /loadtracks
2020-07-12 15:01:06.003  INFO 1921 --- [lava-daemon-pool-info-loader-2-thread-1] lavalink.server.player.AudioLoader       : No matches found
2020-07-12 15:01:16.239  INFO 1921 --- [XNIO-1 task-9] l.server.player.AudioLoaderRestHandler   : GET /loadtracks
2020-07-12 15:01:16.562  INFO 1921 --- [lava-daemon-pool-info-loader-2-thread-1] lavalink.server.player.AudioLoader       : No matches found
2020-07-12 15:04:42.013  INFO 1921 --- [XNIO-1 task-11] l.server.player.AudioLoaderRestHandler   : GET /loadtracks
2020-07-12 15:04:42.471  INFO 1921 --- [lava-daemon-pool-info-loader-2-thread-1] lavalink.server.player.AudioLoader       : No matches found
2020-07-12 15:05:30.185  INFO 1921 --- [XNIO-1 task-13] l.server.player.AudioLoaderRestHandler   : GET /loadtracks
2020-07-12 15:05:30.756  INFO 1921 --- [lava-daemon-pool-info-loader-2-thread-1] lavalink.server.player.AudioLoader       : No matches found
2020-07-12 15:06:02.787  INFO 1921 --- [XNIO-1 task-15] l.server.player.AudioLoaderRestHandler   : GET /loadtracks
2020-07-12 15:06:03.369  INFO 1921 --- [lava-daemon-pool-info-loader-2-thread-1] lavalink.server.player.AudioLoader       : No matches found
2020-07-12 15:06:18.694  INFO 1921 --- [XNIO-1 task-17] l.server.player.AudioLoaderRestHandler   : GET /loadtracks
2020-07-12 15:06:19.545  INFO 1921 --- [lava-daemon-pool-info-loader-2-thread-1] lavalink.server.player.AudioLoader       : No matches found
2020-07-12 15:06:31.796  INFO 1921 --- [XNIO-1 task-19] l.server.player.AudioLoaderRestHandler   : GET /loadtracks
2020-07-12 15:06:32.464  INFO 1921 --- [lava-daemon-pool-info-loader-2-thread-1] lavalink.server.player.AudioLoader       : No matches found
2020-07-12 15:07:32.772  INFO 1921 --- [XNIO-1 task-21] l.server.player.AudioLoaderRestHandler   : GET /loadtracks
2020-07-12 15:07:33.335  INFO 1921 --- [lava-daemon-pool-info-loader-2-thread-1] lavalink.server.player.AudioLoader       : No matches found
2020-07-12 15:12:25.090  INFO 1921 --- [Thread-1] o.s.s.concurrent.ThreadPoolTaskExecutor  : Shutting down ExecutorService 'applicationTaskExecutor'
2020-07-12 15:12:25.092  INFO 1921 --- [Thread-1] c.s.d.l.tools.GarbageCollectionMonitor   : GC monitoring disabled.
2020-07-12 15:12:25.095  INFO 1921 --- [Thread-1] io.undertow.servlet                      : Destroying Spring FrameworkServlet 'dispatcherServlet'
2020-07-12 15:12:25.108 ERROR 1921 --- [XNIO-1 I/O-4] org.xnio.listener                        : XNIO001007: A channel event listener threw an exception

java.util.concurrent.RejectedExecutionException: XNIO007007: Thread is terminating
	at org.xnio.nio.WorkerThread.execute(WorkerThread.java:590) ~[xnio-nio-3.3.8.Final.jar!/:3.3.8.Final]
	at io.undertow.websockets.jsr.UndertowSession$3.handleEvent(UndertowSession.java:396) ~[undertow-websockets-jsr-2.0.26.Final.jar!/:2.0.26.Final]
	at io.undertow.websockets.jsr.UndertowSession$3.handleEvent(UndertowSession.java:388) ~[undertow-websockets-jsr-2.0.26.Final.jar!/:2.0.26.Final]
	at org.xnio.ChannelListeners.invokeChannelListener(ChannelListeners.java:92) ~[xnio-api-3.3.8.Final.jar!/:3.3.8.Final]
	at io.undertow.server.protocol.framed.AbstractFramedChannel$FrameCloseListener.handleEvent(AbstractFramedChannel.java:1063) ~[undertow-core-2.0.26.Final.jar!/:2.0.26.Final]
	at io.undertow.server.protocol.framed.AbstractFramedChannel$FrameCloseListener.handleEvent(AbstractFramedChannel.java:978) ~[undertow-core-2.0.26.Final.jar!/:2.0.26.Final]
	at org.xnio.ChannelListeners.invokeChannelListener(ChannelListeners.java:92) ~[xnio-api-3.3.8.Final.jar!/:3.3.8.Final]
	at org.xnio.conduits.WriteReadyHandler$ChannelListenerHandler.terminated(WriteReadyHandler.java:70) ~[xnio-api-3.3.8.Final.jar!/:3.3.8.Final]
	at org.xnio.nio.NioSocketConduit.writeTerminated(NioSocketConduit.java:234) ~[xnio-nio-3.3.8.Final.jar!/:3.3.8.Final]
	at org.xnio.nio.NioSocketConduit.terminateWrites(NioSocketConduit.java:223) ~[xnio-nio-3.3.8.Final.jar!/:3.3.8.Final]
	at org.xnio.nio.NioSocketConduit.truncateWrites(NioSocketConduit.java:228) ~[xnio-nio-3.3.8.Final.jar!/:3.3.8.Final]
	at io.undertow.conduits.IdleTimeoutConduit.truncateWrites(IdleTimeoutConduit.java:387) ~[undertow-core-2.0.26.Final.jar!/:2.0.26.Final]
	at org.xnio.conduits.ConduitStreamSinkChannel.close(ConduitStreamSinkChannel.java:186) ~[xnio-api-3.3.8.Final.jar!/:3.3.8.Final]
	at org.xnio.IoUtils.safeClose(IoUtils.java:134) ~[xnio-api-3.3.8.Final.jar!/:3.3.8.Final]
	at org.xnio.conduits.WriteReadyHandler$ChannelListenerHandler.forceTermination(WriteReadyHandler.java:57) ~[xnio-api-3.3.8.Final.jar!/:3.3.8.Final]
	at org.xnio.nio.NioSocketConduit.forceTermination(NioSocketConduit.java:107) ~[xnio-nio-3.3.8.Final.jar!/:3.3.8.Final]
	at org.xnio.nio.WorkerThread.run(WorkerThread.java:494) ~[xnio-nio-3.3.8.Final.jar!/:3.3.8.Final]

2020-07-12 15:12:46.821  INFO 2233 --- [main] lavalink.server.Launcher                 : 

[32m       .  [31m _                  _ _       _    [32m__ _ _
[32m      /\\ [31m| | __ ___   ____ _| (_)_ __ | | __[32m\ \ \ \
[32m     ( ( )[31m| |/ _` \ \ / / _` | | | '_ \| |/ /[32m \ \ \ \
[32m      \\/ [31m| | (_| |\ V / (_| | | | | | |   < [32m  ) ) ) )
[32m       '  [31m|_|\__,_| \_/ \__,_|_|_|_| |_|_|\_\[32m / / / /
[0m    =========================================[32m/_/_/_/[0m

	Version:        3.3.1
	Build:          997
	Build time:     25.03.2020 12:30:43 UTC
	Branch          master
	Commit:         29f68ba
	Commit time:    25.03.2020 12:28:48 UTC
	JVM:            14.0.1
	Lavaplayer      1.3.38

2020-07-12 15:12:46.959  INFO 2233 --- [main] lavalink.server.Launcher                 : Starting Launcher on Benedicts-MacBook-Pro.local with PID 2233 (/Users/benedicttannady/discordBot/Lavalink.jar started by benedicttannady in /Users/benedicttannady/discordBot)
2020-07-12 15:12:46.960  INFO 2233 --- [main] lavalink.server.Launcher                 : No active profile set, falling back to default profiles: default
2020-07-12 15:12:48.308  WARN 2233 --- [main] io.undertow.websockets.jsr               : UT026010: Buffer pool was not set on WebSocketDeploymentInfo, the default pool will be used
2020-07-12 15:12:48.352  INFO 2233 --- [main] io.undertow.servlet                      : Initializing Spring embedded WebApplicationContext
2020-07-12 15:12:48.352  INFO 2233 --- [main] o.s.web.context.ContextLoader            : Root WebApplicationContext: initialization completed in 1337 ms
2020-07-12 15:12:48.807  WARN 2233 --- [main] l.server.config.SentryConfiguration      : Turning off sentry
2020-07-12 15:12:48.814  INFO 2233 --- [main] l.s.c.AudioSendFactoryConfiguration      : OS: Mac OS X, Arch: x86_64
2020-07-12 15:12:48.815  WARN 2233 --- [main] l.s.c.AudioSendFactoryConfiguration      : This system and architecture appears to not support native audio sending! GC pauses may cause your bot to stutter during playback.
2020-07-12 15:12:49.159  INFO 2233 --- [main] c.s.d.l.tools.GarbageCollectionMonitor   : GC monitoring enabled, reporting results every 2 minutes.
2020-07-12 15:12:49.634  INFO 2233 --- [main] o.s.s.concurrent.ThreadPoolTaskExecutor  : Initializing ExecutorService 'applicationTaskExecutor'
2020-07-12 15:12:49.954  INFO 2233 --- [main] org.xnio                                 : XNIO version 3.3.8.Final
2020-07-12 15:12:49.965  INFO 2233 --- [main] org.xnio.nio                             : XNIO NIO Implementation Version 3.3.8.Final
2020-07-12 15:12:50.067  INFO 2233 --- [main] o.s.b.w.e.u.UndertowServletWebServer     : Undertow started on port(s) 7000 (http) with context path ''
2020-07-12 15:12:50.071  INFO 2233 --- [main] lavalink.server.Launcher                 : Started Launcher in 4.141 seconds (JVM running for 4.741)
2020-07-12 15:12:58.615  INFO 2233 --- [XNIO-1 task-1] io.undertow.servlet                      : Initializing Spring DispatcherServlet 'dispatcherServlet'
2020-07-12 15:12:58.616  INFO 2233 --- [XNIO-1 task-1] o.s.web.servlet.DispatcherServlet        : Initializing Servlet 'dispatcherServlet'
2020-07-12 15:12:58.641  INFO 2233 --- [XNIO-1 task-1] o.s.web.servlet.DispatcherServlet        : Completed initialization in 25 ms
2020-07-12 15:12:58.688  INFO 2233 --- [XNIO-1 task-1] l.server.io.HandshakeInterceptorImpl     : Incoming connection from /[0:0:0:0:0:0:0:1]:51646
2020-07-12 15:12:58.873  INFO 2233 --- [XNIO-1 task-1] lavalink.server.io.SocketServer          : Connection successfully established from /[0:0:0:0:0:0:0:1]:51646
2020-07-12 15:12:58.911  INFO 2233 --- [XNIO-1 I/O-3] lavalink.server.io.SocketServer          : {"op": "configureResuming", "key": "music-node", "timeout": 60}
2020-07-12 15:13:18.716  INFO 2233 --- [XNIO-1 I/O-3] lavalink.server.io.SocketServer          : {"op": "voiceUpdate", "guildId": "548381331684589578", "sessionId": "c8bf6d8090174d3a9551250a49b56c7b", "event": {"token": "5bc74991d6d4d286", "guild_id": "548381331684589578", "endpoint": "us-west380.discord.media:80"}}
2020-07-12 15:13:18.845  INFO 2233 --- [parallel-2] com.jcabi.manifests.Manifests            : 73 attributes loaded from 84 stream(s) in 93ms, 73 saved, 1240 ignored: ["Ant-Version", "Archiver-Version", "Automatic-Module-Name", "Bnd-LastModified", "Build-Jdk", "Build-Jdk-Spec", "Build-Time", "Built-By", "Bundle-ActivationPolicy", "Bundle-Activator", "Bundle-Category", "Bundle-Description", "Bundle-DocURL", "Bundle-License", "Bundle-ManifestVersion", "Bundle-Name", "Bundle-NativeCode", "Bundle-RequiredExecutionEnvironment", "Bundle-SymbolicName", "Bundle-Vendor", "Bundle-Version", "Copyright", "Created-By", "Export-Package", "Extension-Name", "Git-Revision", "Implementation-Build", "Implementation-Build-Date", "Implementation-Title", "Implementation-URL", "Implementation-Vendor", "Implementation-Vendor-Id", "Implementation-Version", "Import-Package", "Include-Resource", "JCabi-Build", "JCabi-Date", "JCabi-Version", "Jar-Name", "Jar-Version", "Java-Vendor", "Java-Version", "Kotlin-Runtime-Component", "Kotlin-Version", "Log4jReleaseKey", "Log4jReleaseManager", "Log4jReleaseVersion", "Magma-Version", "Main-Class", "Manifest-Version", "Multi-Release", "Originally-Created-By", "Os-Arch", "Os-Name", "Os-Version", "Private-Package", "Provide-Capability", "Require-Bundle", "Require-Capability", "Scm-Connection", "Scm-Revision", "Scm-Url", "Specification-Title", "Specification-Vendor", "Specification-Version", "Spring-Boot-Classes", "Spring-Boot-Lib", "Spring-Boot-Version", "Start-Class", "Tool", "X-Compile-Source-JDK", "X-Compile-Target-JDK", "url"]
2020-07-12 15:13:23.557  INFO 2233 --- [XNIO-1 task-2] l.server.player.AudioLoaderRestHandler   : GET /loadtracks
2020-07-12 15:13:24.556  INFO 2233 --- [lava-daemon-pool-info-loader-2-thread-1] lavalink.server.player.AudioLoader       : No matches found
2020-07-12 15:13:34.135 ERROR 2233 --- [XNIO-2 I/O-1] s.n.m.impl.connections.AudioWebSocket    : Exception in websocket connection, closing. Channel state is Websocket Channel is null

java.lang.IllegalStateException: Failed to connect to wss://us-west380.discord.media/?v=4
	at space.npstr.magma.impl.connections.hax.ClosingUndertowWebSocketClient$1.handleFailed(ClosingUndertowWebSocketClient.java:79) ~[impl-0.12.5.jar!/:na]
	at org.xnio.IoFuture$HandlingNotifier.notify(IoFuture.java:215) ~[xnio-api-3.3.8.Final.jar!/:3.3.8.Final]
	at org.xnio.AbstractIoFuture$1.run(AbstractIoFuture.java:211) ~[xnio-api-3.3.8.Final.jar!/:3.3.8.Final]
	at org.xnio.IoUtils$2.execute(IoUtils.java:70) ~[xnio-api-3.3.8.Final.jar!/:3.3.8.Final]
	at org.xnio.AbstractIoFuture.runNotifier(AbstractIoFuture.java:354) ~[xnio-api-3.3.8.Final.jar!/:3.3.8.Final]
	at org.xnio.AbstractIoFuture.runAllNotifiers(AbstractIoFuture.java:233) ~[xnio-api-3.3.8.Final.jar!/:3.3.8.Final]
	at org.xnio.AbstractIoFuture.setException(AbstractIoFuture.java:251) ~[xnio-api-3.3.8.Final.jar!/:3.3.8.Final]
	at org.xnio.FutureResult.setException(FutureResult.java:89) ~[xnio-api-3.3.8.Final.jar!/:3.3.8.Final]
	at io.undertow.websockets.client.WebSocketClient$ConnectionBuilder$2.notify(WebSocketClient.java:342) ~[undertow-core-2.0.26.Final.jar!/:2.0.26.Final]
	at org.xnio.AbstractIoFuture$1.run(AbstractIoFuture.java:211) ~[xnio-api-3.3.8.Final.jar!/:3.3.8.Final]
	at org.xnio.IoUtils$2.execute(IoUtils.java:70) ~[xnio-api-3.3.8.Final.jar!/:3.3.8.Final]
	at org.xnio.AbstractIoFuture.runNotifier(AbstractIoFuture.java:354) ~[xnio-api-3.3.8.Final.jar!/:3.3.8.Final]
	at org.xnio.AbstractIoFuture.runAllNotifiers(AbstractIoFuture.java:233) ~[xnio-api-3.3.8.Final.jar!/:3.3.8.Final]
	at org.xnio.AbstractIoFuture.setException(AbstractIoFuture.java:251) ~[xnio-api-3.3.8.Final.jar!/:3.3.8.Final]
	at org.xnio.FutureResult.setException(FutureResult.java:89) ~[xnio-api-3.3.8.Final.jar!/:3.3.8.Final]
	at org.xnio.http.HttpUpgrade$HttpUpgradeState$UpgradeResultListener.handleEvent(HttpUpgrade.java:425) ~[xnio-api-3.3.8.Final.jar!/:3.3.8.Final]
	at org.xnio.http.HttpUpgrade$HttpUpgradeState.flushUpgradeChannel(HttpUpgrade.java:369) ~[xnio-api-3.3.8.Final.jar!/:3.3.8.Final]
	at org.xnio.http.HttpUpgrade$HttpUpgradeState.access$900(HttpUpgrade.java:165) ~[xnio-api-3.3.8.Final.jar!/:3.3.8.Final]
	at org.xnio.http.HttpUpgrade$HttpUpgradeState$StringWriteListener.handleEvent(HttpUpgrade.java:396) ~[xnio-api-3.3.8.Final.jar!/:3.3.8.Final]
	at org.xnio.http.HttpUpgrade$HttpUpgradeState$StringWriteListener.handleEvent(HttpUpgrade.java:372) ~[xnio-api-3.3.8.Final.jar!/:3.3.8.Final]
	at org.xnio.ChannelListeners.invokeChannelListener(ChannelListeners.java:92) ~[xnio-api-3.3.8.Final.jar!/:3.3.8.Final]
	at org.xnio.conduits.WriteReadyHandler$ChannelListenerHandler.writeReady(WriteReadyHandler.java:65) ~[xnio-api-3.3.8.Final.jar!/:3.3.8.Final]
	at io.undertow.protocols.ssl.SslConduit$SslWriteReadyHandler.writeReady(SslConduit.java:1273) ~[undertow-core-2.0.26.Final.jar!/:2.0.26.Final]
	at io.undertow.protocols.ssl.SslConduit$4.run(SslConduit.java:430) ~[undertow-core-2.0.26.Final.jar!/:2.0.26.Final]
	at org.xnio.nio.WorkerThread.safeRun(WorkerThread.java:582) ~[xnio-nio-3.3.8.Final.jar!/:3.3.8.Final]
	at org.xnio.nio.WorkerThread.run(WorkerThread.java:466) ~[xnio-nio-3.3.8.Final.jar!/:3.3.8.Final]
Caused by: java.io.EOFException: XNIO000812: Connection closed unexpectedly
	at org.xnio.http.HttpUpgrade$HttpUpgradeState$UpgradeResultListener.handleEvent(HttpUpgrade.java:416) ~[xnio-api-3.3.8.Final.jar!/:3.3.8.Final]
	... 10 common frames omitted

